[2022-06-03T04:37:17.441056+00:00] users_log.ERROR: Ошибка входа в систему пользователем3qfwef [] []
[2022-06-03T04:37:46.118405+00:00] users_log.ERROR: Ошибка входа в систему пользователем dawdwa [] []
[2022-06-03T05:36:10.294896+00:00] users_log.ERROR: Ошибка входа в систему пользователем dawdwa [] []
[2022-06-03T06:29:25.788165+00:00] users_log.ERROR: Ошибка входа в систему пользователем ве [] []
[2022-06-03T06:30:18.500290+00:00] users_log.ERROR: Ошибка входа в систему пользователем dwd [] []
[2022-06-03T06:31:13.357616+00:00] users_log.ERROR: Ошибка входа в систему пользователем dth [] []
[2022-06-03T06:31:56.635697+00:00] users_log.ERROR: Ошибка входа в систему пользователем dth [] []
[2022-06-03T06:32:01.222546+00:00] users_log.ERROR: Ошибка входа в систему пользователем dwa [] []
[2022-06-03T06:35:13.257161+00:00] users_log.ERROR: Ошибка входа в систему пользователем dwad [] []
[2022-06-03T06:36:38.591067+00:00] users_log.ERROR: Ошибка входа в систему пользователем fawef [] []
[2022-06-03T06:36:41.218705+00:00] users_log.ERROR: Пользователь не смог зарегистрироваться [] []
[2022-06-03T06:38:19.114231+00:00] users_log.ERROR: Ошибка входа в систему пользователем  [] []
[2022-06-03T06:38:26.809402+00:00] users_log.ERROR: Пользователь не смог зарегистрироваться [] []
[2022-06-03T13:44:41.409041+00:00] users_log.ERROR: Ошибка входа в систему пользователем fsef [] []
[2022-06-03T13:46:03.308686+00:00] users_log.ERROR: Ошибка входа в систему пользователем fsef [] []
[2022-06-03T16:17:18.505706+00:00] users_log.ERROR: Ошибка входа в систему пользователем  [] []
[2022-06-03T16:17:53.780547+00:00] users_log.ERROR: Ошибка входа в систему пользователем  [] []
[2022-06-04T02:48:59.838228+00:00] users_log.ERROR: Ошибка входа в систему пользователем  [] []
[2022-06-04T10:08:14.294829+00:00] users_log.ERROR: Ошибка входа в систему пользователем  [] []
[2022-06-04T10:09:25.317572+00:00] users_log.ERROR: Ошибка входа в систему пользователем  [] []
[2022-06-04T10:09:51.819559+00:00] users_log.ERROR: Ошибка входа в систему пользователем  [] []
[2022-06-04T10:19:03.440006+00:00] users_log.ERROR: Ошибка входа в систему пользователем  [] []
[2022-06-04T10:19:54.666854+00:00] users_log.ERROR: Ошибка входа в систему пользователем  [] []
[2022-06-04T10:24:23.489200+00:00] users_log.ERROR: Ошибка входа в систему пользователем  [] []
[2022-06-04T10:31:59.181584+00:00] users_log.ERROR: Ошибка входа в систему пользователем  [] []
[2022-06-04T10:37:55.411311+00:00] users_log.ERROR: Ошибка входа в систему пользователем  [] []
[2022-06-04T10:45:43.503713+00:00] users_log.ERROR: Ошибка входа в систему пользователем  [] []
[2022-06-04T10:50:23.454639+00:00] users_log.ERROR: Ошибка входа в систему пользователем  [] []
[2022-06-04T10:52:22.786796+00:00] users_log.ERROR: Ошибка входа в систему пользователем  [] []
[2022-06-04T10:52:45.538189+00:00] users_log.ERROR: Ошибка входа в систему пользователем  [] []
[2022-06-04T10:53:32.804550+00:00] users_log.ERROR: Ошибка входа в систему пользователем 888 [] []
